[Thu Feb  5 04:13:15 PM CST 2026] Node 3 sentinel pulse start
[Thu Feb  5 04:13:15 PM CST 2026] Node 3 Pulse Complete. Cooling down for 2 hours.
[Thu Feb  5 06:13:15 PM CST 2026] Node 3 sentinel pulse start
[Thu Feb  5 06:13:15 PM CST 2026] Node 3 Pulse Complete. Cooling down for 2 hours.
[Thu Feb  5 08:13:15 PM CST 2026] Node 3 sentinel pulse start
[Thu Feb  5 08:13:15 PM CST 2026] Node 3 Pulse Complete. Cooling down for 2 hours.
[Thu Feb  5 10:13:15 PM CST 2026] Node 3 sentinel pulse start
[Thu Feb  5 10:13:15 PM CST 2026] Node 3 Pulse Complete. Cooling down for 2 hours.
[Fri Feb  6 12:13:15 AM CST 2026] Node 3 sentinel pulse start
[Fri Feb  6 12:13:15 AM CST 2026] Node 3 Pulse Complete. Cooling down for 2 hours.
[Fri Feb  6 02:13:15 AM CST 2026] Node 3 sentinel pulse start
[Fri Feb  6 02:13:15 AM CST 2026] Node 3 Pulse Complete. Cooling down for 2 hours.
[Fri Feb  6 04:13:15 AM CST 2026] Node 3 sentinel pulse start
[Fri Feb  6 04:13:15 AM CST 2026] Node 3 Pulse Complete. Cooling down for 2 hours.
[Fri Feb  6 06:13:15 AM CST 2026] Node 3 sentinel pulse start
[Fri Feb  6 06:13:15 AM CST 2026] Node 3 Pulse Complete. Cooling down for 2 hours.
[Fri Feb  6 08:13:15 AM CST 2026] Node 3 sentinel pulse start
[Fri Feb  6 08:13:15 AM CST 2026] Node 3 Pulse Complete. Cooling down for 2 hours.
[Fri Feb  6 10:13:15 AM CST 2026] Node 3 sentinel pulse start
[Fri Feb  6 10:13:15 AM CST 2026] Node 3 Pulse Complete. Cooling down for 2 hours.
[Fri Feb  6 12:13:15 PM CST 2026] Node 3 sentinel pulse start
[Fri Feb  6 12:13:15 PM CST 2026] Node 3 Pulse Complete. Cooling down for 2 hours.
[Fri Feb  6 02:13:15 PM CST 2026] Node 3 sentinel pulse start
[Fri Feb  6 02:13:15 PM CST 2026] Node 3 Pulse Complete. Cooling down for 2 hours.
