[Thu Feb  5 04:13:26 PM CST 2026] Node 2 recruitment pulse start
[Thu Feb  5 04:13:26 PM CST 2026] Node 2 Pulse Complete. Cooling down for 1 hour.
[Thu Feb  5 05:13:26 PM CST 2026] Node 2 recruitment pulse start
[Thu Feb  5 05:13:26 PM CST 2026] Node 2 Pulse Complete. Cooling down for 1 hour.
[Thu Feb  5 06:13:26 PM CST 2026] Node 2 recruitment pulse start
[Thu Feb  5 06:13:26 PM CST 2026] Node 2 Pulse Complete. Cooling down for 1 hour.
[Thu Feb  5 07:13:26 PM CST 2026] Node 2 recruitment pulse start
[Thu Feb  5 07:13:26 PM CST 2026] Node 2 Pulse Complete. Cooling down for 1 hour.
[Thu Feb  5 08:13:26 PM CST 2026] Node 2 recruitment pulse start
[Thu Feb  5 08:13:26 PM CST 2026] Node 2 Pulse Complete. Cooling down for 1 hour.
[Thu Feb  5 09:13:26 PM CST 2026] Node 2 recruitment pulse start
[Thu Feb  5 09:13:26 PM CST 2026] Node 2 Pulse Complete. Cooling down for 1 hour.
[Thu Feb  5 10:13:26 PM CST 2026] Node 2 recruitment pulse start
[Thu Feb  5 10:13:26 PM CST 2026] Node 2 Pulse Complete. Cooling down for 1 hour.
[Thu Feb  5 11:13:26 PM CST 2026] Node 2 recruitment pulse start
[Thu Feb  5 11:13:26 PM CST 2026] Node 2 Pulse Complete. Cooling down for 1 hour.
[Fri Feb  6 12:13:26 AM CST 2026] Node 2 recruitment pulse start
[Fri Feb  6 12:13:26 AM CST 2026] Node 2 Pulse Complete. Cooling down for 1 hour.
[Fri Feb  6 01:13:26 AM CST 2026] Node 2 recruitment pulse start
[Fri Feb  6 01:13:26 AM CST 2026] Node 2 Pulse Complete. Cooling down for 1 hour.
[Fri Feb  6 02:13:26 AM CST 2026] Node 2 recruitment pulse start
[Fri Feb  6 02:13:26 AM CST 2026] Node 2 Pulse Complete. Cooling down for 1 hour.
[Fri Feb  6 03:13:26 AM CST 2026] Node 2 recruitment pulse start
[Fri Feb  6 03:13:26 AM CST 2026] Node 2 Pulse Complete. Cooling down for 1 hour.
[Fri Feb  6 04:13:26 AM CST 2026] Node 2 recruitment pulse start
[Fri Feb  6 04:13:26 AM CST 2026] Node 2 Pulse Complete. Cooling down for 1 hour.
[Fri Feb  6 05:13:26 AM CST 2026] Node 2 recruitment pulse start
[Fri Feb  6 05:13:26 AM CST 2026] Node 2 Pulse Complete. Cooling down for 1 hour.
[Fri Feb  6 06:13:26 AM CST 2026] Node 2 recruitment pulse start
[Fri Feb  6 06:13:26 AM CST 2026] Node 2 Pulse Complete. Cooling down for 1 hour.
[Fri Feb  6 07:13:26 AM CST 2026] Node 2 recruitment pulse start
[Fri Feb  6 07:13:26 AM CST 2026] Node 2 Pulse Complete. Cooling down for 1 hour.
[Fri Feb  6 08:13:26 AM CST 2026] Node 2 recruitment pulse start
[Fri Feb  6 08:13:26 AM CST 2026] Node 2 Pulse Complete. Cooling down for 1 hour.
[Fri Feb  6 09:13:26 AM CST 2026] Node 2 recruitment pulse start
[Fri Feb  6 09:13:26 AM CST 2026] Node 2 Pulse Complete. Cooling down for 1 hour.
[Fri Feb  6 10:13:26 AM CST 2026] Node 2 recruitment pulse start
[Fri Feb  6 10:13:26 AM CST 2026] Node 2 Pulse Complete. Cooling down for 1 hour.
[Fri Feb  6 11:13:26 AM CST 2026] Node 2 recruitment pulse start
[Fri Feb  6 11:13:26 AM CST 2026] Node 2 Pulse Complete. Cooling down for 1 hour.
[Fri Feb  6 12:13:26 PM CST 2026] Node 2 recruitment pulse start
[Fri Feb  6 12:13:26 PM CST 2026] Node 2 Pulse Complete. Cooling down for 1 hour.
[Fri Feb  6 01:13:26 PM CST 2026] Node 2 recruitment pulse start
[Fri Feb  6 01:13:26 PM CST 2026] Node 2 Pulse Complete. Cooling down for 1 hour.
[Fri Feb  6 02:13:26 PM CST 2026] Node 2 recruitment pulse start
[Fri Feb  6 02:13:26 PM CST 2026] Node 2 Pulse Complete. Cooling down for 1 hour.
[Fri Feb  6 03:13:26 PM CST 2026] Node 2 recruitment pulse start
[Fri Feb  6 03:13:26 PM CST 2026] Node 2 Pulse Complete. Cooling down for 1 hour.
