[Thu Feb  5 04:12:42 PM CST 2026] Node 1 Audit Pulse Start
[Thu Feb  5 04:12:42 PM CST 2026] Node 1 Pulse Complete. Cooling down for 1 hour.
[Thu Feb  5 05:12:42 PM CST 2026] Node 1 Audit Pulse Start
[Thu Feb  5 05:12:43 PM CST 2026] Node 1 Pulse Complete. Cooling down for 1 hour.
[Thu Feb  5 06:12:43 PM CST 2026] Node 1 Audit Pulse Start
[Thu Feb  5 06:12:43 PM CST 2026] Node 1 Pulse Complete. Cooling down for 1 hour.
[Thu Feb  5 07:12:43 PM CST 2026] Node 1 Audit Pulse Start
[Thu Feb  5 07:12:43 PM CST 2026] Node 1 Pulse Complete. Cooling down for 1 hour.
[Thu Feb  5 08:12:43 PM CST 2026] Node 1 Audit Pulse Start
[Thu Feb  5 08:12:43 PM CST 2026] Node 1 Pulse Complete. Cooling down for 1 hour.
[Thu Feb  5 09:12:43 PM CST 2026] Node 1 Audit Pulse Start
[Thu Feb  5 09:12:43 PM CST 2026] Node 1 Pulse Complete. Cooling down for 1 hour.
[Thu Feb  5 10:12:44 PM CST 2026] Node 1 Audit Pulse Start
[Thu Feb  5 10:12:44 PM CST 2026] Node 1 Pulse Complete. Cooling down for 1 hour.
[Thu Feb  5 11:12:44 PM CST 2026] Node 1 Audit Pulse Start
[Thu Feb  5 11:12:44 PM CST 2026] Node 1 Pulse Complete. Cooling down for 1 hour.
[Fri Feb  6 12:12:44 AM CST 2026] Node 1 Audit Pulse Start
[Fri Feb  6 12:12:44 AM CST 2026] Node 1 Pulse Complete. Cooling down for 1 hour.
[Fri Feb  6 01:12:44 AM CST 2026] Node 1 Audit Pulse Start
[Fri Feb  6 01:12:45 AM CST 2026] Node 1 Pulse Complete. Cooling down for 1 hour.
[Fri Feb  6 02:12:45 AM CST 2026] Node 1 Audit Pulse Start
[Fri Feb  6 02:12:45 AM CST 2026] Node 1 Pulse Complete. Cooling down for 1 hour.
[Fri Feb  6 03:12:45 AM CST 2026] Node 1 Audit Pulse Start
[Fri Feb  6 03:12:45 AM CST 2026] Node 1 Pulse Complete. Cooling down for 1 hour.
[Fri Feb  6 04:12:45 AM CST 2026] Node 1 Audit Pulse Start
[Fri Feb  6 04:12:45 AM CST 2026] Node 1 Pulse Complete. Cooling down for 1 hour.
[Fri Feb  6 05:12:45 AM CST 2026] Node 1 Audit Pulse Start
[Fri Feb  6 05:12:46 AM CST 2026] Node 1 Pulse Complete. Cooling down for 1 hour.
[Fri Feb  6 06:12:46 AM CST 2026] Node 1 Audit Pulse Start
[Fri Feb  6 06:12:46 AM CST 2026] Node 1 Pulse Complete. Cooling down for 1 hour.
[Fri Feb  6 07:12:46 AM CST 2026] Node 1 Audit Pulse Start
[Fri Feb  6 07:12:46 AM CST 2026] Node 1 Pulse Complete. Cooling down for 1 hour.
[Fri Feb  6 08:12:46 AM CST 2026] Node 1 Audit Pulse Start
[Fri Feb  6 08:12:46 AM CST 2026] Node 1 Pulse Complete. Cooling down for 1 hour.
[Fri Feb  6 09:12:46 AM CST 2026] Node 1 Audit Pulse Start
[Fri Feb  6 09:12:47 AM CST 2026] Node 1 Pulse Complete. Cooling down for 1 hour.
[Fri Feb  6 10:12:47 AM CST 2026] Node 1 Audit Pulse Start
[Fri Feb  6 10:12:47 AM CST 2026] Node 1 Pulse Complete. Cooling down for 1 hour.
[Fri Feb  6 11:12:47 AM CST 2026] Node 1 Audit Pulse Start
[Fri Feb  6 11:12:47 AM CST 2026] Node 1 Pulse Complete. Cooling down for 1 hour.
[Fri Feb  6 12:12:47 PM CST 2026] Node 1 Audit Pulse Start
[Fri Feb  6 12:12:47 PM CST 2026] Node 1 Pulse Complete. Cooling down for 1 hour.
[Fri Feb  6 01:12:47 PM CST 2026] Node 1 Audit Pulse Start
[Fri Feb  6 01:12:48 PM CST 2026] Node 1 Pulse Complete. Cooling down for 1 hour.
[Fri Feb  6 02:12:48 PM CST 2026] Node 1 Audit Pulse Start
[Fri Feb  6 02:12:48 PM CST 2026] Node 1 Pulse Complete. Cooling down for 1 hour.
[Fri Feb  6 03:12:48 PM CST 2026] Node 1 Audit Pulse Start
[Fri Feb  6 03:12:48 PM CST 2026] Node 1 Pulse Complete. Cooling down for 1 hour.
